<testsuites id="" name="" tests="8" failures="0" skipped="0" errors="0" time="6.529768">
<testsuite name="tests\ab-page.tests.ts" timestamp="2024-01-14T11:20:20.560Z" hostname="Chrome Browser" tests="1" failures="0" skipped="0" time="3.582" errors="0">
<testcase name="A/B page tests - Verify page logic › Verify page content" classname="tests\ab-page.tests.ts" time="3.582">
<system-out>
<![CDATA[Base URL: https://the-internet.herokuapp.com/
Base URL: https://the-internet.herokuapp.com/abtest
Base URL: https://the-internet.herokuapp.com/add_remove_elements/
Base URL: https://the-internet.herokuapp.com/basic_auth
Base URL: https://the-internet.herokuapp.com/broken_images
Base URL: https://the-internet.herokuapp.com/challenging_dom
Base URL: https://the-internet.herokuapp.com/checkboxes
Base URL: https://the-internet.herokuapp.com/context_menu
Base URL: https://the-internet.herokuapp.com/digest_auth
Base URL: https://the-internet.herokuapp.com/disappearing_elements
Base URL: https://the-internet.herokuapp.com/drag_and_drop
Base URL: https://the-internet.herokuapp.com/dropdown
Base URL: https://the-internet.herokuapp.com/dynamic_content
Base URL: https://the-internet.herokuapp.com/dynamic_controls
Base URL: https://the-internet.herokuapp.com/dynamic_loading
Base URL: https://the-internet.herokuapp.com/entry_ad
Base URL: https://the-internet.herokuapp.com/exit_intent
Base URL: https://the-internet.herokuapp.com/download
Base URL: https://the-internet.herokuapp.com/upload
Base URL: https://the-internet.herokuapp.com/floating_menu
Base URL: https://the-internet.herokuapp.com/forgot_password
Base URL: https://the-internet.herokuapp.com/login
Base URL: https://the-internet.herokuapp.com/frames
Base URL: https://the-internet.herokuapp.com/geolocation
Base URL: https://the-internet.herokuapp.com/horizontal_slider
Base URL: https://the-internet.herokuapp.com/hovers
Base URL: https://the-internet.herokuapp.com/infinite_scroll
Base URL: https://the-internet.herokuapp.com/inputs
Base URL: https://the-internet.herokuapp.com/jqueryui/menu
Base URL: https://the-internet.herokuapp.com/javascript_alerts
Base URL: https://the-internet.herokuapp.com/javascript_error
Base URL: https://the-internet.herokuapp.com/key_presses
Base URL: https://the-internet.herokuapp.com/large
Base URL: https://the-internet.herokuapp.com/windows
Base URL: https://the-internet.herokuapp.com/nested_frames
Base URL: https://the-internet.herokuapp.com/notification_message
Base URL: https://the-internet.herokuapp.com/redirector
Base URL: https://the-internet.herokuapp.com/download_secure
Base URL: https://the-internet.herokuapp.com/shadowdom
Base URL: https://the-internet.herokuapp.com/shifting_content
Base URL: https://the-internet.herokuapp.com/slow
Base URL: https://the-internet.herokuapp.com/tables
Base URL: https://the-internet.herokuapp.com/status_codes
Base URL: https://the-internet.herokuapp.com/typos
Base URL: https://the-internet.herokuapp.com/tinymce
]]>
</system-out>
</testcase>
</testsuite>
<testsuite name="tests\add-remove-element-page.tests.ts" timestamp="2024-01-14T11:20:20.560Z" hostname="Chrome Browser" tests="5" failures="0" skipped="0" time="19.431" errors="0">
<testcase name="Add-remove page tests - Verify page logic › Verify page content" classname="tests\add-remove-element-page.tests.ts" time="3.57">
<system-out>
<![CDATA[Base URL: https://the-internet.herokuapp.com/
Base URL: https://the-internet.herokuapp.com/abtest
Base URL: https://the-internet.herokuapp.com/add_remove_elements/
Base URL: https://the-internet.herokuapp.com/basic_auth
Base URL: https://the-internet.herokuapp.com/broken_images
Base URL: https://the-internet.herokuapp.com/challenging_dom
Base URL: https://the-internet.herokuapp.com/checkboxes
Base URL: https://the-internet.herokuapp.com/context_menu
Base URL: https://the-internet.herokuapp.com/digest_auth
Base URL: https://the-internet.herokuapp.com/disappearing_elements
Base URL: https://the-internet.herokuapp.com/drag_and_drop
Base URL: https://the-internet.herokuapp.com/dropdown
Base URL: https://the-internet.herokuapp.com/dynamic_content
Base URL: https://the-internet.herokuapp.com/dynamic_controls
Base URL: https://the-internet.herokuapp.com/dynamic_loading
Base URL: https://the-internet.herokuapp.com/entry_ad
Base URL: https://the-internet.herokuapp.com/exit_intent
Base URL: https://the-internet.herokuapp.com/download
Base URL: https://the-internet.herokuapp.com/upload
Base URL: https://the-internet.herokuapp.com/floating_menu
Base URL: https://the-internet.herokuapp.com/forgot_password
Base URL: https://the-internet.herokuapp.com/login
Base URL: https://the-internet.herokuapp.com/frames
Base URL: https://the-internet.herokuapp.com/geolocation
Base URL: https://the-internet.herokuapp.com/horizontal_slider
Base URL: https://the-internet.herokuapp.com/hovers
Base URL: https://the-internet.herokuapp.com/infinite_scroll
Base URL: https://the-internet.herokuapp.com/inputs
Base URL: https://the-internet.herokuapp.com/jqueryui/menu
Base URL: https://the-internet.herokuapp.com/javascript_alerts
Base URL: https://the-internet.herokuapp.com/javascript_error
Base URL: https://the-internet.herokuapp.com/key_presses
Base URL: https://the-internet.herokuapp.com/large
Base URL: https://the-internet.herokuapp.com/windows
Base URL: https://the-internet.herokuapp.com/nested_frames
Base URL: https://the-internet.herokuapp.com/notification_message
Base URL: https://the-internet.herokuapp.com/redirector
Base URL: https://the-internet.herokuapp.com/download_secure
Base URL: https://the-internet.herokuapp.com/shadowdom
Base URL: https://the-internet.herokuapp.com/shifting_content
Base URL: https://the-internet.herokuapp.com/slow
Base URL: https://the-internet.herokuapp.com/tables
Base URL: https://the-internet.herokuapp.com/status_codes
Base URL: https://the-internet.herokuapp.com/typos
Base URL: https://the-internet.herokuapp.com/tinymce
]]>
</system-out>
</testcase>
<testcase name="Add-remove page tests - Verify page logic › Verify add element" classname="tests\add-remove-element-page.tests.ts" time="3.718">
<system-out>
<![CDATA[Base URL: https://the-internet.herokuapp.com/
Base URL: https://the-internet.herokuapp.com/abtest
Base URL: https://the-internet.herokuapp.com/add_remove_elements/
Base URL: https://the-internet.herokuapp.com/basic_auth
Base URL: https://the-internet.herokuapp.com/broken_images
Base URL: https://the-internet.herokuapp.com/challenging_dom
Base URL: https://the-internet.herokuapp.com/checkboxes
Base URL: https://the-internet.herokuapp.com/context_menu
Base URL: https://the-internet.herokuapp.com/digest_auth
Base URL: https://the-internet.herokuapp.com/disappearing_elements
Base URL: https://the-internet.herokuapp.com/drag_and_drop
Base URL: https://the-internet.herokuapp.com/dropdown
Base URL: https://the-internet.herokuapp.com/dynamic_content
Base URL: https://the-internet.herokuapp.com/dynamic_controls
Base URL: https://the-internet.herokuapp.com/dynamic_loading
Base URL: https://the-internet.herokuapp.com/entry_ad
Base URL: https://the-internet.herokuapp.com/exit_intent
Base URL: https://the-internet.herokuapp.com/download
Base URL: https://the-internet.herokuapp.com/upload
Base URL: https://the-internet.herokuapp.com/floating_menu
Base URL: https://the-internet.herokuapp.com/forgot_password
Base URL: https://the-internet.herokuapp.com/login
Base URL: https://the-internet.herokuapp.com/frames
Base URL: https://the-internet.herokuapp.com/geolocation
Base URL: https://the-internet.herokuapp.com/horizontal_slider
Base URL: https://the-internet.herokuapp.com/hovers
Base URL: https://the-internet.herokuapp.com/infinite_scroll
Base URL: https://the-internet.herokuapp.com/inputs
Base URL: https://the-internet.herokuapp.com/jqueryui/menu
Base URL: https://the-internet.herokuapp.com/javascript_alerts
Base URL: https://the-internet.herokuapp.com/javascript_error
Base URL: https://the-internet.herokuapp.com/key_presses
Base URL: https://the-internet.herokuapp.com/large
Base URL: https://the-internet.herokuapp.com/windows
Base URL: https://the-internet.herokuapp.com/nested_frames
Base URL: https://the-internet.herokuapp.com/notification_message
Base URL: https://the-internet.herokuapp.com/redirector
Base URL: https://the-internet.herokuapp.com/download_secure
Base URL: https://the-internet.herokuapp.com/shadowdom
Base URL: https://the-internet.herokuapp.com/shifting_content
Base URL: https://the-internet.herokuapp.com/slow
Base URL: https://the-internet.herokuapp.com/tables
Base URL: https://the-internet.herokuapp.com/status_codes
Base URL: https://the-internet.herokuapp.com/typos
Base URL: https://the-internet.herokuapp.com/tinymce
]]>
</system-out>
</testcase>
<testcase name="Add-remove page tests - Verify page logic › Verify add multiple elements" classname="tests\add-remove-element-page.tests.ts" time="4.16">
<system-out>
<![CDATA[Base URL: https://the-internet.herokuapp.com/
Base URL: https://the-internet.herokuapp.com/abtest
Base URL: https://the-internet.herokuapp.com/add_remove_elements/
Base URL: https://the-internet.herokuapp.com/basic_auth
Base URL: https://the-internet.herokuapp.com/broken_images
Base URL: https://the-internet.herokuapp.com/challenging_dom
Base URL: https://the-internet.herokuapp.com/checkboxes
Base URL: https://the-internet.herokuapp.com/context_menu
Base URL: https://the-internet.herokuapp.com/digest_auth
Base URL: https://the-internet.herokuapp.com/disappearing_elements
Base URL: https://the-internet.herokuapp.com/drag_and_drop
Base URL: https://the-internet.herokuapp.com/dropdown
Base URL: https://the-internet.herokuapp.com/dynamic_content
Base URL: https://the-internet.herokuapp.com/dynamic_controls
Base URL: https://the-internet.herokuapp.com/dynamic_loading
Base URL: https://the-internet.herokuapp.com/entry_ad
Base URL: https://the-internet.herokuapp.com/exit_intent
Base URL: https://the-internet.herokuapp.com/download
Base URL: https://the-internet.herokuapp.com/upload
Base URL: https://the-internet.herokuapp.com/floating_menu
Base URL: https://the-internet.herokuapp.com/forgot_password
Base URL: https://the-internet.herokuapp.com/login
Base URL: https://the-internet.herokuapp.com/frames
Base URL: https://the-internet.herokuapp.com/geolocation
Base URL: https://the-internet.herokuapp.com/horizontal_slider
Base URL: https://the-internet.herokuapp.com/hovers
Base URL: https://the-internet.herokuapp.com/infinite_scroll
Base URL: https://the-internet.herokuapp.com/inputs
Base URL: https://the-internet.herokuapp.com/jqueryui/menu
Base URL: https://the-internet.herokuapp.com/javascript_alerts
Base URL: https://the-internet.herokuapp.com/javascript_error
Base URL: https://the-internet.herokuapp.com/key_presses
Base URL: https://the-internet.herokuapp.com/large
Base URL: https://the-internet.herokuapp.com/windows
Base URL: https://the-internet.herokuapp.com/nested_frames
Base URL: https://the-internet.herokuapp.com/notification_message
Base URL: https://the-internet.herokuapp.com/redirector
Base URL: https://the-internet.herokuapp.com/download_secure
Base URL: https://the-internet.herokuapp.com/shadowdom
Base URL: https://the-internet.herokuapp.com/shifting_content
Base URL: https://the-internet.herokuapp.com/slow
Base URL: https://the-internet.herokuapp.com/tables
Base URL: https://the-internet.herokuapp.com/status_codes
Base URL: https://the-internet.herokuapp.com/typos
Base URL: https://the-internet.herokuapp.com/tinymce
]]>
</system-out>
</testcase>
<testcase name="Add-remove page tests - Verify page logic › Verify delete element" classname="tests\add-remove-element-page.tests.ts" time="3.724">
<system-out>
<![CDATA[Base URL: https://the-internet.herokuapp.com/
Base URL: https://the-internet.herokuapp.com/abtest
Base URL: https://the-internet.herokuapp.com/add_remove_elements/
Base URL: https://the-internet.herokuapp.com/basic_auth
Base URL: https://the-internet.herokuapp.com/broken_images
Base URL: https://the-internet.herokuapp.com/challenging_dom
Base URL: https://the-internet.herokuapp.com/checkboxes
Base URL: https://the-internet.herokuapp.com/context_menu
Base URL: https://the-internet.herokuapp.com/digest_auth
Base URL: https://the-internet.herokuapp.com/disappearing_elements
Base URL: https://the-internet.herokuapp.com/drag_and_drop
Base URL: https://the-internet.herokuapp.com/dropdown
Base URL: https://the-internet.herokuapp.com/dynamic_content
Base URL: https://the-internet.herokuapp.com/dynamic_controls
Base URL: https://the-internet.herokuapp.com/dynamic_loading
Base URL: https://the-internet.herokuapp.com/entry_ad
Base URL: https://the-internet.herokuapp.com/exit_intent
Base URL: https://the-internet.herokuapp.com/download
Base URL: https://the-internet.herokuapp.com/upload
Base URL: https://the-internet.herokuapp.com/floating_menu
Base URL: https://the-internet.herokuapp.com/forgot_password
Base URL: https://the-internet.herokuapp.com/login
Base URL: https://the-internet.herokuapp.com/frames
Base URL: https://the-internet.herokuapp.com/geolocation
Base URL: https://the-internet.herokuapp.com/horizontal_slider
Base URL: https://the-internet.herokuapp.com/hovers
Base URL: https://the-internet.herokuapp.com/infinite_scroll
Base URL: https://the-internet.herokuapp.com/inputs
Base URL: https://the-internet.herokuapp.com/jqueryui/menu
Base URL: https://the-internet.herokuapp.com/javascript_alerts
Base URL: https://the-internet.herokuapp.com/javascript_error
Base URL: https://the-internet.herokuapp.com/key_presses
Base URL: https://the-internet.herokuapp.com/large
Base URL: https://the-internet.herokuapp.com/windows
Base URL: https://the-internet.herokuapp.com/nested_frames
Base URL: https://the-internet.herokuapp.com/notification_message
Base URL: https://the-internet.herokuapp.com/redirector
Base URL: https://the-internet.herokuapp.com/download_secure
Base URL: https://the-internet.herokuapp.com/shadowdom
Base URL: https://the-internet.herokuapp.com/shifting_content
Base URL: https://the-internet.herokuapp.com/slow
Base URL: https://the-internet.herokuapp.com/tables
Base URL: https://the-internet.herokuapp.com/status_codes
Base URL: https://the-internet.herokuapp.com/typos
Base URL: https://the-internet.herokuapp.com/tinymce
]]>
</system-out>
</testcase>
<testcase name="Add-remove page tests - Verify page logic › Verify delete multiple elements" classname="tests\add-remove-element-page.tests.ts" time="4.259">
<system-out>
<![CDATA[Base URL: https://the-internet.herokuapp.com/
Base URL: https://the-internet.herokuapp.com/abtest
Base URL: https://the-internet.herokuapp.com/add_remove_elements/
Base URL: https://the-internet.herokuapp.com/basic_auth
Base URL: https://the-internet.herokuapp.com/broken_images
Base URL: https://the-internet.herokuapp.com/challenging_dom
Base URL: https://the-internet.herokuapp.com/checkboxes
Base URL: https://the-internet.herokuapp.com/context_menu
Base URL: https://the-internet.herokuapp.com/digest_auth
Base URL: https://the-internet.herokuapp.com/disappearing_elements
Base URL: https://the-internet.herokuapp.com/drag_and_drop
Base URL: https://the-internet.herokuapp.com/dropdown
Base URL: https://the-internet.herokuapp.com/dynamic_content
Base URL: https://the-internet.herokuapp.com/dynamic_controls
Base URL: https://the-internet.herokuapp.com/dynamic_loading
Base URL: https://the-internet.herokuapp.com/entry_ad
Base URL: https://the-internet.herokuapp.com/exit_intent
Base URL: https://the-internet.herokuapp.com/download
Base URL: https://the-internet.herokuapp.com/upload
Base URL: https://the-internet.herokuapp.com/floating_menu
Base URL: https://the-internet.herokuapp.com/forgot_password
Base URL: https://the-internet.herokuapp.com/login
Base URL: https://the-internet.herokuapp.com/frames
Base URL: https://the-internet.herokuapp.com/geolocation
Base URL: https://the-internet.herokuapp.com/horizontal_slider
Base URL: https://the-internet.herokuapp.com/hovers
Base URL: https://the-internet.herokuapp.com/infinite_scroll
Base URL: https://the-internet.herokuapp.com/inputs
Base URL: https://the-internet.herokuapp.com/jqueryui/menu
Base URL: https://the-internet.herokuapp.com/javascript_alerts
Base URL: https://the-internet.herokuapp.com/javascript_error
Base URL: https://the-internet.herokuapp.com/key_presses
Base URL: https://the-internet.herokuapp.com/large
Base URL: https://the-internet.herokuapp.com/windows
Base URL: https://the-internet.herokuapp.com/nested_frames
Base URL: https://the-internet.herokuapp.com/notification_message
Base URL: https://the-internet.herokuapp.com/redirector
Base URL: https://the-internet.herokuapp.com/download_secure
Base URL: https://the-internet.herokuapp.com/shadowdom
Base URL: https://the-internet.herokuapp.com/shifting_content
Base URL: https://the-internet.herokuapp.com/slow
Base URL: https://the-internet.herokuapp.com/tables
Base URL: https://the-internet.herokuapp.com/status_codes
Base URL: https://the-internet.herokuapp.com/typos
Base URL: https://the-internet.herokuapp.com/tinymce
]]>
</system-out>
</testcase>
</testsuite>
<testsuite name="tests\basic-auth-page.tests.ts" timestamp="2024-01-14T11:20:20.560Z" hostname="Chrome Browser" tests="1" failures="0" skipped="0" time="3.283" errors="0">
<testcase name="Basic Auth page tests - Verify page logic › Verify successful login" classname="tests\basic-auth-page.tests.ts" time="3.283">
<system-out>
<![CDATA[Base URL: https://the-internet.herokuapp.com/
Base URL: https://the-internet.herokuapp.com/abtest
Base URL: https://the-internet.herokuapp.com/add_remove_elements/
Base URL: https://the-internet.herokuapp.com/basic_auth
Base URL: https://the-internet.herokuapp.com/broken_images
Base URL: https://the-internet.herokuapp.com/challenging_dom
Base URL: https://the-internet.herokuapp.com/checkboxes
Base URL: https://the-internet.herokuapp.com/context_menu
Base URL: https://the-internet.herokuapp.com/digest_auth
Base URL: https://the-internet.herokuapp.com/disappearing_elements
Base URL: https://the-internet.herokuapp.com/drag_and_drop
Base URL: https://the-internet.herokuapp.com/dropdown
Base URL: https://the-internet.herokuapp.com/dynamic_content
Base URL: https://the-internet.herokuapp.com/dynamic_controls
Base URL: https://the-internet.herokuapp.com/dynamic_loading
Base URL: https://the-internet.herokuapp.com/entry_ad
Base URL: https://the-internet.herokuapp.com/exit_intent
Base URL: https://the-internet.herokuapp.com/download
Base URL: https://the-internet.herokuapp.com/upload
Base URL: https://the-internet.herokuapp.com/floating_menu
Base URL: https://the-internet.herokuapp.com/forgot_password
Base URL: https://the-internet.herokuapp.com/login
Base URL: https://the-internet.herokuapp.com/frames
Base URL: https://the-internet.herokuapp.com/geolocation
Base URL: https://the-internet.herokuapp.com/horizontal_slider
Base URL: https://the-internet.herokuapp.com/hovers
Base URL: https://the-internet.herokuapp.com/infinite_scroll
Base URL: https://the-internet.herokuapp.com/inputs
Base URL: https://the-internet.herokuapp.com/jqueryui/menu
Base URL: https://the-internet.herokuapp.com/javascript_alerts
Base URL: https://the-internet.herokuapp.com/javascript_error
Base URL: https://the-internet.herokuapp.com/key_presses
Base URL: https://the-internet.herokuapp.com/large
Base URL: https://the-internet.herokuapp.com/windows
Base URL: https://the-internet.herokuapp.com/nested_frames
Base URL: https://the-internet.herokuapp.com/notification_message
Base URL: https://the-internet.herokuapp.com/redirector
Base URL: https://the-internet.herokuapp.com/download_secure
Base URL: https://the-internet.herokuapp.com/shadowdom
Base URL: https://the-internet.herokuapp.com/shifting_content
Base URL: https://the-internet.herokuapp.com/slow
Base URL: https://the-internet.herokuapp.com/tables
Base URL: https://the-internet.herokuapp.com/status_codes
Base URL: https://the-internet.herokuapp.com/typos
Base URL: https://the-internet.herokuapp.com/tinymce
]]>
</system-out>
</testcase>
</testsuite>
<testsuite name="tests\main-page.tests.ts" timestamp="2024-01-14T11:20:20.560Z" hostname="Chrome Browser" tests="1" failures="0" skipped="0" time="3.702" errors="0">
<testcase name="Main page tests - Verify page logic › Verify page content" classname="tests\main-page.tests.ts" time="3.702">
<system-out>
<![CDATA[Base URL: https://the-internet.herokuapp.com/
Base URL: https://the-internet.herokuapp.com/abtest
Base URL: https://the-internet.herokuapp.com/add_remove_elements/
Base URL: https://the-internet.herokuapp.com/basic_auth
Base URL: https://the-internet.herokuapp.com/broken_images
Base URL: https://the-internet.herokuapp.com/challenging_dom
Base URL: https://the-internet.herokuapp.com/checkboxes
Base URL: https://the-internet.herokuapp.com/context_menu
Base URL: https://the-internet.herokuapp.com/digest_auth
Base URL: https://the-internet.herokuapp.com/disappearing_elements
Base URL: https://the-internet.herokuapp.com/drag_and_drop
Base URL: https://the-internet.herokuapp.com/dropdown
Base URL: https://the-internet.herokuapp.com/dynamic_content
Base URL: https://the-internet.herokuapp.com/dynamic_controls
Base URL: https://the-internet.herokuapp.com/dynamic_loading
Base URL: https://the-internet.herokuapp.com/entry_ad
Base URL: https://the-internet.herokuapp.com/exit_intent
Base URL: https://the-internet.herokuapp.com/download
Base URL: https://the-internet.herokuapp.com/upload
Base URL: https://the-internet.herokuapp.com/floating_menu
Base URL: https://the-internet.herokuapp.com/forgot_password
Base URL: https://the-internet.herokuapp.com/login
Base URL: https://the-internet.herokuapp.com/frames
Base URL: https://the-internet.herokuapp.com/geolocation
Base URL: https://the-internet.herokuapp.com/horizontal_slider
Base URL: https://the-internet.herokuapp.com/hovers
Base URL: https://the-internet.herokuapp.com/infinite_scroll
Base URL: https://the-internet.herokuapp.com/inputs
Base URL: https://the-internet.herokuapp.com/jqueryui/menu
Base URL: https://the-internet.herokuapp.com/javascript_alerts
Base URL: https://the-internet.herokuapp.com/javascript_error
Base URL: https://the-internet.herokuapp.com/key_presses
Base URL: https://the-internet.herokuapp.com/large
Base URL: https://the-internet.herokuapp.com/windows
Base URL: https://the-internet.herokuapp.com/nested_frames
Base URL: https://the-internet.herokuapp.com/notification_message
Base URL: https://the-internet.herokuapp.com/redirector
Base URL: https://the-internet.herokuapp.com/download_secure
Base URL: https://the-internet.herokuapp.com/shadowdom
Base URL: https://the-internet.herokuapp.com/shifting_content
Base URL: https://the-internet.herokuapp.com/slow
Base URL: https://the-internet.herokuapp.com/tables
Base URL: https://the-internet.herokuapp.com/status_codes
Base URL: https://the-internet.herokuapp.com/typos
Base URL: https://the-internet.herokuapp.com/tinymce
Base URL: https://the-internet.herokuapp.com/abtest
Base URL: https://the-internet.herokuapp.com/add_remove_elements/
Base URL: https://the-internet.herokuapp.com/basic_auth
Base URL: https://the-internet.herokuapp.com/broken_images
Base URL: https://the-internet.herokuapp.com/challenging_dom
Base URL: https://the-internet.herokuapp.com/checkboxes
Base URL: https://the-internet.herokuapp.com/context_menu
Base URL: https://the-internet.herokuapp.com/digest_auth
Base URL: https://the-internet.herokuapp.com/disappearing_elements
Base URL: https://the-internet.herokuapp.com/drag_and_drop
Base URL: https://the-internet.herokuapp.com/dropdown
Base URL: https://the-internet.herokuapp.com/dynamic_content
Base URL: https://the-internet.herokuapp.com/dynamic_controls
Base URL: https://the-internet.herokuapp.com/dynamic_loading
Base URL: https://the-internet.herokuapp.com/entry_ad
Base URL: https://the-internet.herokuapp.com/exit_intent
Base URL: https://the-internet.herokuapp.com/download
Base URL: https://the-internet.herokuapp.com/upload
Base URL: https://the-internet.herokuapp.com/floating_menu
Base URL: https://the-internet.herokuapp.com/forgot_password
Base URL: https://the-internet.herokuapp.com/login
Base URL: https://the-internet.herokuapp.com/frames
Base URL: https://the-internet.herokuapp.com/geolocation
Base URL: https://the-internet.herokuapp.com/horizontal_slider
Base URL: https://the-internet.herokuapp.com/hovers
Base URL: https://the-internet.herokuapp.com/infinite_scroll
Base URL: https://the-internet.herokuapp.com/inputs
Base URL: https://the-internet.herokuapp.com/jqueryui/menu
Base URL: https://the-internet.herokuapp.com/javascript_alerts
Base URL: https://the-internet.herokuapp.com/javascript_error
Base URL: https://the-internet.herokuapp.com/key_presses
Base URL: https://the-internet.herokuapp.com/large
Base URL: https://the-internet.herokuapp.com/windows
Base URL: https://the-internet.herokuapp.com/nested_frames
Base URL: https://the-internet.herokuapp.com/notification_message
Base URL: https://the-internet.herokuapp.com/redirector
Base URL: https://the-internet.herokuapp.com/download_secure
Base URL: https://the-internet.herokuapp.com/shadowdom
Base URL: https://the-internet.herokuapp.com/shifting_content
Base URL: https://the-internet.herokuapp.com/slow
Base URL: https://the-internet.herokuapp.com/tables
Base URL: https://the-internet.herokuapp.com/status_codes
Base URL: https://the-internet.herokuapp.com/typos
Base URL: https://the-internet.herokuapp.com/tinymce
]]>
</system-out>
</testcase>
</testsuite>
</testsuites>